rm -f CalEff
rm -f Correc
g++ `root-config --cflags` `root-config --libs`  correctData.cxx -o Correc
g++ `root-config --cflags` `root-config --libs`  calEff.cxx -o CalEff
 read generator level truth 
 calEff.cxx 46
 calEff.cxx 55
 calEff.cxx 57
 calEff.cxx 60
 calEff.cxx 63
 calEff.cxx 65
 Total Entries used: 2125309
cut: isSig==1&&tagMatch==1&&m12 > 0.988000 && m12 <1.115000
 read info after selection 
 calculate inverse of eff matrix 
 read date after selection 
 calculate eff array 

 start to  calculate matrix
 No 'truth' 
cut: m12 > 0.988000 && m12 <1.115000
  cut:  m12 > 0.988000 && m12 <1.115000
 Nbkg = 8433
 effArray[0]=1.1201
 effArray[1]=1.0585
 effArray[2]=1.18208
 effArray[3]=1.07236
 effArray[4]=1.206
 effArray[5]=1.1671
 effArray[6]=1.19812
 effArray[7]=1.67988
 effArray[8]=1.23139
 effArray[9]=1.29991
 effArray[10]=1.50687
 effArray[11]=1.67647
 effArray[12]=1.47043
 effArray[13]=2.13851
 effArray[14]=1.63879
 effArray[15]=2.32004
 effArray[16]=1.9766
 effArray[17]=2.56999
 effArray[18]=2.6047
 effArray[19]=2.83762
 effArray[20]=2.67768
 effArray[21]=3.53957
 effArray[22]=3.90497
 effArray[23]=4.09192
 effArray[24]=2.90447
 effArray[25]=5.7236
 effArray[26]=4.97421
 effArray[27]=5.64218
 effArray[28]=4.79092
 effArray[29]=11.7002
 effArray[30]=1.09181
 effArray[31]=1.03272
 effArray[32]=1.08312
 effArray[33]=1.05031
 effArray[34]=1.16669
 effArray[35]=1.01749
 effArray[36]=1.14142
 effArray[37]=1.64477
 effArray[38]=1.15604
 effArray[39]=1.18392
 effArray[40]=1.39297
 effArray[41]=1.63331
 effArray[42]=1.4726
 effArray[43]=1.66215
 effArray[44]=1.51873
 effArray[45]=1.94335
 effArray[46]=1.56324
 effArray[47]=2.04033
 effArray[48]=2.01633
 effArray[49]=1.72544
 effArray[50]=2.42242
 effArray[51]=2.02984
 effArray[52]=2.03719
 effArray[53]=2.524
 effArray[54]=1.84484
 effArray[55]=2.71325
 effArray[56]=2.78554
 effArray[57]=1.51691
 effArray[58]=3.27546
 effArray[59]=3.00933
 effArray[60]=1.05737
 effArray[61]=1.16237
 effArray[62]=1.27897
 effArray[63]=1.07323
 effArray[64]=1.07458
 effArray[65]=0.922432
 effArray[66]=1.07667
 effArray[67]=1.51743
 effArray[68]=1.01206
 effArray[69]=1.12463
 effArray[70]=1.23414
 effArray[71]=1.37201
 effArray[72]=1.46227
 effArray[73]=1.21538
 effArray[74]=1.74029
 effArray[75]=1.42969
 effArray[76]=1.64163
 effArray[77]=1.68735
 effArray[78]=1.38246
 effArray[79]=2.00316
 effArray[80]=1.37643
 effArray[81]=1.70261
 effArray[82]=1.9995
 effArray[83]=1.49517
 effArray[84]=1.88844
 effArray[85]=1.69855
 effArray[86]=2.11846
 effArray[87]=1.19639
 effArray[88]=2.3351
 effArray[89]=2.3307
 effArray[90]=0.532959
 effArray[91]=0.984313
 effArray[92]=0.952467
 effArray[93]=1.03848
 effArray[94]=1.19593
 effArray[95]=0.880435
 effArray[96]=1.0825
 effArray[97]=1.40716
 effArray[98]=0.938792
 effArray[99]=1.14473
 effArray[100]=1.18508
 effArray[101]=1.14215
 effArray[102]=1.39584
 effArray[103]=1.26407
 effArray[104]=1.37882
 effArray[105]=1.6855
 effArray[106]=0.911315
 effArray[107]=1.72717
 effArray[108]=1.52783
 effArray[109]=1.06171
 effArray[110]=1.85718
 effArray[111]=1.25125
 effArray[112]=1.76712
 effArray[113]=1.31966
 effArray[114]=1.84198
 effArray[115]=1.38366
 effArray[116]=1.37035
 effArray[117]=2.13038
 effArray[118]=1.12029
 effArray[119]=2.37899
 effArray[120]=1.69784
 effArray[121]=1.04056
 effArray[122]=1.16887
 effArray[123]=1.08093
 effArray[124]=1.04035
 effArray[125]=0.972059
 effArray[126]=1.05105
 effArray[127]=1.37347
 effArray[128]=0.978381
 effArray[129]=0.939192
 effArray[130]=1.22057
 effArray[131]=1.21723
 effArray[132]=1.20309
 effArray[133]=1.27482
 effArray[134]=1.34674
 effArray[135]=1.20117
 effArray[136]=1.40255
 effArray[137]=1.37098
 effArray[138]=1.23356
 effArray[139]=1.57497
 effArray[140]=1.10769
 effArray[141]=1.74574
 effArray[142]=0.945618
 effArray[143]=1.6653
 effArray[144]=1.16491
 effArray[145]=1.47444
 effArray[146]=1.52121
 effArray[147]=1.23485
 effArray[148]=1.30442
 effArray[149]=1.98567
 effArray[150]=0.1076
 effArray[151]=0.903809
 effArray[152]=0.919371
 effArray[153]=1.12741
 effArray[154]=1.03212
 effArray[155]=0.761379
 effArray[156]=1.0751
 effArray[157]=1.34335
 effArray[158]=1.04936
 effArray[159]=1.08176
 effArray[160]=1.06133
 effArray[161]=1.01084
 effArray[162]=1.27367
 effArray[163]=1.17912
 effArray[164]=1.10709
 effArray[165]=1.27261
 effArray[166]=1.38625
 effArray[167]=1.02209
 effArray[168]=1.29401
 effArray[169]=1.27635
 effArray[170]=1.17474
 effArray[171]=1.41499
 effArray[172]=1.20035
 effArray[173]=1.21604
 effArray[174]=1.39442
 effArray[175]=1.33099
 effArray[176]=1.00486
 effArray[177]=1.68501
 effArray[178]=0.818404
 effArray[179]=1.88192
 effArray[180]=1.44576
 effArray[181]=1.26462
 effArray[182]=1.06707
 effArray[183]=1.07642
 effArray[184]=0.999401
 effArray[185]=0.937791
 effArray[186]=1.01696
 effArray[187]=1.29344
 effArray[188]=1.02371
 effArray[189]=0.922284
 effArray[190]=0.920136
 effArray[191]=1.29441
 effArray[192]=1.15883
 effArray[193]=1.20958
 effArray[194]=1.10842
 effArray[195]=1.16707
 effArray[196]=1.20628
 effArray[197]=1.22405
 effArray[198]=1.15213
 effArray[199]=1.23497
 effArray[200]=1.29403
 effArray[201]=1.13787
 effArray[202]=1.24174
 effArray[203]=1.13599
 effArray[204]=1.35155
 effArray[205]=1.1377
 effArray[206]=1.20696
 effArray[207]=1.23301
 effArray[208]=1.0778
 effArray[209]=1.56177
 effArray[210]=0.974949
 effArray[211]=0.980913
 effArray[212]=1.08805
 effArray[213]=1.09672
 effArray[214]=1.02984
 effArray[215]=0.874143
 effArray[216]=0.992765
 effArray[217]=1.23592
 effArray[218]=0.970398
 effArray[219]=1.09998
 effArray[220]=1.14141
 effArray[221]=1.00352
 effArray[222]=0.996678
 effArray[223]=1.11663
 effArray[224]=1.10763
 effArray[225]=1.17759
 effArray[226]=1.10233
 effArray[227]=1.06459
 effArray[228]=1.28569
 effArray[229]=1.07854
 effArray[230]=1.12406
 effArray[231]=1.22476
 effArray[232]=1.23304
 effArray[233]=0.900495
 effArray[234]=1.40715
 effArray[235]=0.839731
 effArray[236]=1.21783
 effArray[237]=1.29223
 effArray[238]=0.965496
 effArray[239]=1.67992
 effArray[240]=0.851426
 effArray[241]=1.28397
 effArray[242]=0.993931
 effArray[243]=0.95694
 effArray[244]=1.07897
 effArray[245]=0.909041
 effArray[246]=0.920972
 effArray[247]=1.34049
 effArray[248]=0.964686
 effArray[249]=0.924181
 effArray[250]=0.996125
 effArray[251]=1.12413
 effArray[252]=1.10914
 effArray[253]=1.01291
 effArray[254]=1.11897
 effArray[255]=1.08827
 effArray[256]=1.2498
 effArray[257]=1.03662
 effArray[258]=1.11389
 effArray[259]=1.12641
 effArray[260]=1.1752
 effArray[261]=1.03087
 effArray[262]=1.18997
 effArray[263]=0.853201
 effArray[264]=1.34466
 effArray[265]=1.03637
 effArray[266]=1.13399
 effArray[267]=1.19648
 effArray[268]=0.890067
 effArray[269]=1.65106
 effArray[270]=1.53505
 effArray[271]=0.96745
 effArray[272]=0.956562
 effArray[273]=1.2438
 effArray[274]=0.93692
 effArray[275]=0.871047
 effArray[276]=0.998018
 effArray[277]=1.21672
 effArray[278]=0.938478
 effArray[279]=1.00427
 effArray[280]=1.07019
 effArray[281]=0.993623
 effArray[282]=0.976535
 effArray[283]=1.28557
 effArray[284]=0.988991
 effArray[285]=1.06004
 effArray[286]=1.05026
 effArray[287]=1.17842
 effArray[288]=1.08182
 effArray[289]=1.05714
 effArray[290]=1.11217
 effArray[291]=1.1059
 effArray[292]=0.745889
 effArray[293]=1.36785
 effArray[294]=0.856365
 effArray[295]=1.19741
 effArray[296]=0.934407
 effArray[297]=1.13817
 effArray[298]=1.26208
 effArray[299]=1.25978
 effArray[300]=0.719937
 effArray[301]=1.13323
 effArray[302]=1.13545
 effArray[303]=0.909994
 effArray[304]=1.12204
 effArray[305]=0.937979
 effArray[306]=1.13556
 effArray[307]=1.1033
 effArray[308]=1.0397
 effArray[309]=0.872563
 effArray[310]=1.08498
 effArray[311]=1.01972
 effArray[312]=1.17967
 effArray[313]=0.964105
 effArray[314]=1.07331
 effArray[315]=1.14567
 effArray[316]=1.09952
 effArray[317]=0.95387
 effArray[318]=1.07424
 effArray[319]=1.12502
 effArray[320]=1.01743
 effArray[321]=1.071
 effArray[322]=1.16902
 effArray[323]=1.04566
 effArray[324]=1.07787
 effArray[325]=1.25633
 effArray[326]=1.04395
 effArray[327]=1.13335
 effArray[328]=0.800195
 effArray[329]=1.49712
 effArray[330]=1.22832
 effArray[331]=1.04912
 effArray[332]=1.03966
 effArray[333]=1.22139
 effArray[334]=0.873183
 effArray[335]=0.902963
 effArray[336]=1.00195
 effArray[337]=1.24367
 effArray[338]=1.08608
 effArray[339]=0.927421
 effArray[340]=1.0865
 effArray[341]=1.05722
 effArray[342]=1.00817
 effArray[343]=1.25734
 effArray[344]=0.854935
 effArray[345]=1.26862
 effArray[346]=1.0028
 effArray[347]=0.896316
 effArray[348]=1.25844
 effArray[349]=1.08357
 effArray[350]=1.03139
 effArray[351]=0.982442
 effArray[352]=1.02897
 effArray[353]=1.17855
 effArray[354]=0.918195
 effArray[355]=1.09965
 effArray[356]=1.09486
 effArray[357]=0.986709
 effArray[358]=1.11494
 effArray[359]=1.42168
 effArray[360]=1.14886
 effArray[361]=0.946467
 effArray[362]=0.950294
 effArray[363]=0.935894
 effArray[364]=1.09213
 effArray[365]=0.994188
 effArray[366]=1.01012
 effArray[367]=1.21024
 effArray[368]=0.899172
 effArray[369]=1.003
 effArray[370]=1.14476
 effArray[371]=0.937468
 effArray[372]=1.09977
 effArray[373]=1.04793
 effArray[374]=1.05538
 effArray[375]=1.08819
 effArray[376]=0.963021
 effArray[377]=1.20782
 effArray[378]=0.792119
 effArray[379]=1.13702
 effArray[380]=1.17993
 effArray[381]=0.872306
 effArray[382]=1.23197
 effArray[383]=0.97089
 effArray[384]=0.931958
 effArray[385]=1.21409
 effArray[386]=1.13268
 effArray[387]=1.01532
 effArray[388]=0.982606
 effArray[389]=1.37229
 effArray[390]=0.837015
 effArray[391]=1.09196
 effArray[392]=1.06052
 effArray[393]=1.0674
 effArray[394]=1.06329
 effArray[395]=1.03319
 effArray[396]=1.04555
 effArray[397]=1.1537
 effArray[398]=1.13051
 effArray[399]=0.920019
 effArray[400]=1.11298
 effArray[401]=0.880988
 effArray[402]=1.19239
 effArray[403]=0.938363
 effArray[404]=1.14773
 effArray[405]=1.01048
 effArray[406]=1.06959
 effArray[407]=1.01476
 effArray[408]=1.09483
 effArray[409]=0.951348
 effArray[410]=1.11301
 effArray[411]=1.12731
 effArray[412]=1.01346
 effArray[413]=1.00466
 effArray[414]=1.0589
 effArray[415]=1.06515
 effArray[416]=1.02958
 effArray[417]=1.07204
 effArray[418]=1.07578
 effArray[419]=1.34975
 effArray[420]=1.26381
 effArray[421]=1.18369
 effArray[422]=1.04506
 effArray[423]=0.884198
 effArray[424]=1.06238
 effArray[425]=0.938187
 effArray[426]=0.955875
 effArray[427]=1.14768
 effArray[428]=0.993272
 effArray[429]=1.04433
 effArray[430]=0.946294
 effArray[431]=1.1085
 effArray[432]=1.02978
 effArray[433]=0.902245
 effArray[434]=1.16018
 effArray[435]=1.04099
 effArray[436]=1.09972
 effArray[437]=0.975829
 effArray[438]=1.11407
 effArray[439]=1.13594
 effArray[440]=0.978735
 effArray[441]=0.976438
 effArray[442]=1.16384
 effArray[443]=1.05448
 effArray[444]=1.0488
 effArray[445]=1.11955
 effArray[446]=0.932911
 effArray[447]=1.07915
 effArray[448]=0.958621
 effArray[449]=1.35204
 effArray[450]=0.994064
 effArray[451]=0.950557
 effArray[452]=1.18175
 effArray[453]=1.08213
 effArray[454]=1.19424
 effArray[455]=0.80533
 effArray[456]=0.883223
 effArray[457]=1.20055
 effArray[458]=1.10401
 effArray[459]=0.995349
 effArray[460]=1.09918
 effArray[461]=1.03386
 effArray[462]=1.11547
 effArray[463]=1.02216
 effArray[464]=0.992482
 effArray[465]=1.19351
 effArray[466]=0.827417
 effArray[467]=1.17034
 effArray[468]=0.948985
 effArray[469]=1.18725
 effArray[470]=0.823165
 effArray[471]=1.27149
 effArray[472]=0.813439
 effArray[473]=1.1811
 effArray[474]=0.980301
 effArray[475]=1.03776
 effArray[476]=1.14
 effArray[477]=1.11173
 effArray[478]=0.891285
 effArray[479]=1.38634
 effArray[480]=0.87813
 effArray[481]=1.15062
 effArray[482]=0.847786
 effArray[483]=1.06493
 effArray[484]=0.906072
 effArray[485]=1.11234
 effArray[486]=1.19482
 effArray[487]=0.995603
 effArray[488]=1.1065
 effArray[489]=1.09096
 effArray[490]=0.931868
 effArray[491]=1.11779
 effArray[492]=1.12328
 effArray[493]=0.976494
 effArray[494]=1.16068
 effArray[495]=0.976763
 effArray[496]=1.13843
 effArray[497]=0.971827
 effArray[498]=1.20453
 effArray[499]=0.864594
 effArray[500]=1.22859
 effArray[501]=0.94003
 effArray[502]=1.10066
 effArray[503]=1.03138
 effArray[504]=1.11399
 effArray[505]=0.958063
 effArray[506]=1.18866
 effArray[507]=1.00382
 effArray[508]=1.05844
 effArray[509]=1.35407
 effArray[510]=1.05924
 effArray[511]=0.972775
 effArray[512]=1.08129
 effArray[513]=1.02747
 effArray[514]=1.02867
 effArray[515]=1.06884
 effArray[516]=0.8986
 effArray[517]=1.25513
 effArray[518]=0.963001
 effArray[519]=1.01773
 effArray[520]=1.19399
 effArray[521]=0.926528
 effArray[522]=1.16378
 effArray[523]=0.973945
 effArray[524]=1.14372
 effArray[525]=0.964538
 effArray[526]=1.09118
 effArray[527]=1.01409
 effArray[528]=1.1595
 effArray[529]=1.04533
 effArray[530]=1.037
 effArray[531]=1.09367
 effArray[532]=0.960155
 effArray[533]=1.17524
 effArray[534]=0.958423
 effArray[535]=1.16263
 effArray[536]=0.973279
 effArray[537]=1.21914
 effArray[538]=0.662549
 effArray[539]=1.49027
 effArray[540]=1.43972
 effArray[541]=1.15555
 effArray[542]=0.882434
 effArray[543]=1.08828
 effArray[544]=1.00523
 effArray[545]=1.06115
 effArray[546]=1.06107
 effArray[547]=1.09937
 effArray[548]=1.02374
 effArray[549]=1.01608
 effArray[550]=0.993607
 effArray[551]=1.03431
 effArray[552]=1.01964
 effArray[553]=1.13973
 effArray[554]=1.12682
 effArray[555]=1.01146
 effArray[556]=1.04205
 effArray[557]=1.22966
 effArray[558]=0.997945
 effArray[559]=1.02567
 effArray[560]=1.04018
 effArray[561]=1.15895
 effArray[562]=0.928303
 effArray[563]=1.09933
 effArray[564]=1.12096
 effArray[565]=0.824581
 effArray[566]=1.26994
 effArray[567]=0.932167
 effArray[568]=1.17869
 effArray[569]=1.34669
 effArray[570]=0.3877
 effArray[571]=1.09297
 effArray[572]=1.25098
 effArray[573]=0.993773
 effArray[574]=0.991461
 effArray[575]=1.04327
 effArray[576]=0.958299
 effArray[577]=1.12751
 effArray[578]=1.11588
 effArray[579]=0.979685
 effArray[580]=1.1051
 effArray[581]=1.04796
 effArray[582]=0.997482
 effArray[583]=1.14932
 effArray[584]=0.84743
 effArray[585]=1.27893
 effArray[586]=0.86036
 effArray[587]=1.22561
 effArray[588]=0.99914
 effArray[589]=1.10199
 effArray[590]=1.02975
 effArray[591]=1.23087
 effArray[592]=0.722013
 effArray[593]=1.36084
 effArray[594]=0.936742
 effArray[595]=1.26333
 effArray[596]=0.83389
 effArray[597]=1.07993
 effArray[598]=1.07789
 effArray[599]=1.4515
 effArray[600]=1.79916
 effArray[601]=0.821881
 effArray[602]=1.06634
 effArray[603]=1.10972
 effArray[604]=1.10822
 effArray[605]=0.84718
 effArray[606]=0.986722
 effArray[607]=1.29716
 effArray[608]=0.93263
 effArray[609]=1.11663
 effArray[610]=0.905539
 effArray[611]=1.09624
 effArray[612]=1.09223
 effArray[613]=1.22154
 effArray[614]=1.00768
 effArray[615]=1.0747
 effArray[616]=1.01094
 effArray[617]=1.24014
 effArray[618]=1.0421
 effArray[619]=1.1028
 effArray[620]=1.1088
 effArray[621]=1.03957
 effArray[622]=1.21117
 effArray[623]=0.817117
 effArray[624]=1.20216
 effArray[625]=1.01987
 effArray[626]=1.22946
 effArray[627]=0.956071
 effArray[628]=1.06863
 effArray[629]=1.40718
 effArray[630]=0.352056
 effArray[631]=1.15611
 effArray[632]=1.02387
 effArray[633]=1.10208
 effArray[634]=1.0388
 effArray[635]=1.15343
 effArray[636]=0.879773
 effArray[637]=1.30411
 effArray[638]=0.995687
 effArray[639]=1.02626
 effArray[640]=1.09424
 effArray[641]=1.0938
 effArray[642]=1.01857
 effArray[643]=1.15697
 effArray[644]=1.14423
 effArray[645]=0.927672
 effArray[646]=1.27766
 effArray[647]=0.934408
 effArray[648]=1.09224
 effArray[649]=1.18986
 effArray[650]=1.05452
 effArray[651]=1.10522
 effArray[652]=1.06723
 effArray[653]=1.16447
 effArray[654]=1.08557
 effArray[655]=1.11467
 effArray[656]=1.06005
 effArray[657]=1.19833
 effArray[658]=0.884072
 effArray[659]=1.5291
 effArray[660]=0.964536
 effArray[661]=0.854893
 effArray[662]=0.918425
 effArray[663]=1.12046
 effArray[664]=1.00874
 effArray[665]=0.740671
 effArray[666]=1.05786
 effArray[667]=1.2668
 effArray[668]=1.07138
 effArray[669]=1.04607
 effArray[670]=1.09437
 effArray[671]=1.03362
 effArray[672]=1.08703
 effArray[673]=1.0639
 effArray[674]=1.21469
 effArray[675]=1.05588
 effArray[676]=1.20866
 effArray[677]=1.23048
 effArray[678]=1.06156
 effArray[679]=1.08468
 effArray[680]=1.27668
 effArray[681]=1.02955
 effArray[682]=1.16026
 effArray[683]=1.13838
 effArray[684]=1.21779
 effArray[685]=1.15043
 effArray[686]=1.15208
 effArray[687]=1.15296
 effArray[688]=1.04795
 effArray[689]=1.63098
 effArray[690]=1.47058
 effArray[691]=1.21575
 effArray[692]=0.976172
 effArray[693]=1.06291
 effArray[694]=1.13174
 effArray[695]=1.027
 effArray[696]=1.045
 effArray[697]=1.24513
 effArray[698]=0.983066
 effArray[699]=1.12295
 effArray[700]=1.09906
 effArray[701]=1.16343
 effArray[702]=1.22938
 effArray[703]=1.10536
 effArray[704]=1.18644
 effArray[705]=1.31755
 effArray[706]=0.944567
 effArray[707]=1.26058
 effArray[708]=1.03918
 effArray[709]=1.39746
 effArray[710]=1.01102
 effArray[711]=1.25348
 effArray[712]=1.07217
 effArray[713]=1.35994
 effArray[714]=1.00925
 effArray[715]=1.24415
 effArray[716]=1.23076
 effArray[717]=1.25332
 effArray[718]=0.954276
 effArray[719]=1.72258
 effArray[720]=0.559859
 effArray[721]=1.02003
 effArray[722]=1.24918
 effArray[723]=0.979658
 effArray[724]=1.10728
 effArray[725]=0.895652
 effArray[726]=1.03066
 effArray[727]=1.36014
 effArray[728]=0.980153
 effArray[729]=0.996679
 effArray[730]=1.15046
 effArray[731]=1.09248
 effArray[732]=1.31413
 effArray[733]=1.25409
 effArray[734]=1.2005
 effArray[735]=1.17123
 effArray[736]=1.21322
 effArray[737]=1.27147
 effArray[738]=1.31386
 effArray[739]=1.35453
 effArray[740]=1.24365
 effArray[741]=1.31436
 effArray[742]=1.14243
 effArray[743]=1.43788
 effArray[744]=1.33025
 effArray[745]=1.30634
 effArray[746]=1.32812
 effArray[747]=1.21321
 effArray[748]=1.304
 effArray[749]=1.68928
 effArray[750]=1.16455
 effArray[751]=0.794123
 effArray[752]=1.11912
 effArray[753]=0.88549
 effArray[754]=1.11973
 effArray[755]=0.992262
 effArray[756]=0.942151
 effArray[757]=1.42844
 effArray[758]=0.904953
 effArray[759]=1.12274
 effArray[760]=1.28184
 effArray[761]=1.13383
 effArray[762]=1.22177
 effArray[763]=1.24011
 effArray[764]=1.35794
 effArray[765]=1.21989
 effArray[766]=1.3893
 effArray[767]=1.31687
 effArray[768]=1.23418
 effArray[769]=1.29175
 effArray[770]=1.68473
 effArray[771]=0.978952
 effArray[772]=1.67401
 effArray[773]=0.982953
 effArray[774]=1.62031
 effArray[775]=1.21382
 effArray[776]=1.67311
 effArray[777]=1.10795
 effArray[778]=1.63076
 effArray[779]=1.87961
 effArray[780]=1.34819
 effArray[781]=1.05724
 effArray[782]=0.912026
 effArray[783]=1.28339
 effArray[784]=0.908427
 effArray[785]=1.10453
 effArray[786]=1.07454
 effArray[787]=1.50845
 effArray[788]=0.924992
 effArray[789]=1.34813
 effArray[790]=1.20192
 effArray[791]=1.14057
 effArray[792]=1.5195
 effArray[793]=1.26776
 effArray[794]=1.52859
 effArray[795]=1.17113
 effArray[796]=1.57789
 effArray[797]=1.41281
 effArray[798]=1.53429
 effArray[799]=1.37261
 effArray[800]=1.62135
 effArray[801]=1.76305
 effArray[802]=1.06952
 effArray[803]=1.83641
 effArray[804]=1.57179
 effArray[805]=1.68293
 effArray[806]=1.3162
 effArray[807]=1.68415
 effArray[808]=1.39336
 effArray[809]=2.31303
 effArray[810]=0.376079
 effArray[811]=1.19932
 effArray[812]=1.14008
 effArray[813]=1.09512
 effArray[814]=1.11602
 effArray[815]=0.955983
 effArray[816]=0.986524
 effArray[817]=1.57219
 effArray[818]=1.05564
 effArray[819]=1.28318
 effArray[820]=1.03947
 effArray[821]=1.52175
 effArray[822]=1.33546
 effArray[823]=1.42278
 effArray[824]=1.38309
 effArray[825]=1.65196
 effArray[826]=1.68917
 effArray[827]=1.73576
 effArray[828]=1.47803
 effArray[829]=1.87695
 effArray[830]=1.62171
 effArray[831]=1.70933
 effArray[832]=1.65893
 effArray[833]=1.82149
 effArray[834]=1.61712
 effArray[835]=2.30875
 effArray[836]=1.50801
 effArray[837]=1.77149
 effArray[838]=1.65657
 effArray[839]=2.95278
 effArray[840]=1.3881
 effArray[841]=0.988738
 effArray[842]=1.1218
 effArray[843]=1.11584
 effArray[844]=1.13282
 effArray[845]=0.915889
 effArray[846]=1.22132
 effArray[847]=1.61009
 effArray[848]=1.16811
 effArray[849]=1.23059
 effArray[850]=1.52666
 effArray[851]=1.40087
 effArray[852]=1.56478
 effArray[853]=1.70085
 effArray[854]=1.54394
 effArray[855]=1.85485
 effArray[856]=1.98754
 effArray[857]=1.25579
 effArray[858]=2.41942
 effArray[859]=2.18214
 effArray[860]=1.91821
 effArray[861]=2.32548
 effArray[862]=2.40351
 effArray[863]=1.50882
 effArray[864]=3.02808
 effArray[865]=1.97013
 effArray[866]=2.55211
 effArray[867]=2.26976
 effArray[868]=2.94045
 effArray[869]=3.31491
 effArray[870]=1.07134
 effArray[871]=1.087
 effArray[872]=1.20362
 effArray[873]=1.248
 effArray[874]=1.16487
 effArray[875]=1.00494
 effArray[876]=1.16724
 effArray[877]=1.7331
 effArray[878]=1.30095
 effArray[879]=1.41286
 effArray[880]=1.599
 effArray[881]=1.67017
 effArray[882]=1.75953
 effArray[883]=1.83834
 effArray[884]=2.07258
 effArray[885]=2.13125
 effArray[886]=2.22789
 effArray[887]=2.54988
 effArray[888]=2.79937
 effArray[889]=2.43834
 effArray[890]=3.14455
 effArray[891]=3.61072
 effArray[892]=2.37547
 effArray[893]=4.70301
 effArray[894]=3.9654
 effArray[895]=4.59803
 effArray[896]=5.05173
 effArray[897]=6.13777
 effArray[898]=4.33464
 effArray[899]=10.7727
x12[0] = 0.980331
x12[1] = 0.988732
x12[2] = 0.997169
x12[3] = 1.00564
x12[4] = 1.01415
x12[5] = 1.02269
x12[6] = 1.03127
x12[7] = 1.03989
x12[8] = 1.04854
x12[9] = 1.05723
x12[10] = 1.06595
x12[11] = 1.07471
x12[12] = 1.08351
x12[13] = 1.09234
x12[14] = 1.10121
x12[15] = 1.11011
x12[16] = 1.11905
x12[17] = 1.12802
x12[18] = 1.13703
x12[19] = 1.14608
x12[20] = 1.15516
x12[21] = 1.16428
x12[22] = 1.17343
x12[23] = 1.18262
x12[24] = 1.19185
x12[25] = 1.20111
x12[26] = 1.2104
x12[27] = 1.21974
x12[28] = 1.2291
x12[29] = 1.23851
Warning in <TFile::Append>: Replacing existing TGraph2D: Graph2D (Potential memory leak).
Warning in <TFile::Append>: Replacing existing TGraph2D: Graph2D (Potential memory leak).
NGen[0]=6.92666e-310
 norm = 8433 / 86445 = 0.0975534
 y0[0] = 6142.08 y2[0] = 74.6003 - 0.0975534 * 35.2069 = 71.1657 y0[0]/y2[0=86.3068
 y0[1] = 5110.37 y2[1] = -83.3846 - 0.0975534 * 81.2805 = -91.3138 y0[1]/y2[1=-55.965
 y0[2] = 5043.95 y2[2] = 471.72 - 0.0975534 * 479.164 = 424.976 y0[2]/y2[2=11.8688
 y0[3] = 5057.24 y2[3] = 587.537 - 0.0975534 * 439.054 = 544.706 y0[3]/y2[3=9.28436
 y0[4] = 5688.12 y2[4] = 1355.33 - 0.0975534 * 1278.95 = 1230.56 y0[4]/y2[4=4.62237
 y0[5] = 7103.47 y2[5] = 2631.12 - 0.0975534 * 2582.94 = 2379.15 y0[5]/y2[5=2.98572
 y0[6] = 18044.2 y2[6] = 12201.4 - 0.0975534 * 13849.9 = 10850.3 y0[6]/y2[6=1.66301
 y0[7] = 47561.9 y2[7] = 41455.5 - 0.0975534 * 48819.6 = 36693 y0[7]/y2[7=1.29621
 y0[8] = 16141.4 y2[8] = 10002.9 - 0.0975534 * 10288.4 = 8999.25 y0[8]/y2[8=1.79364
 y0[9] = 8754.26 y2[9] = 4034.27 - 0.0975534 * 3487.77 = 3694.03 y0[9]/y2[9=2.36984
 y0[10] = 6271.89 y2[10] = 1997.69 - 0.0975534 * 1757.29 = 1826.26 y0[10]/y2[10=3.43427
 y0[11] = 5027.23 y2[11] = 1478.81 - 0.0975534 * 1084.56 = 1373.01 y0[11]/y2[11=3.66147
 y0[12] = 4638.16 y2[12] = 868.374 - 0.0975534 * 624.1 = 807.491 y0[12]/y2[12=5.74391
 y0[13] = 4204.6 y2[13] = 781.269 - 0.0975534 * 473.122 = 735.114 y0[13]/y2[13=5.71966
 y0[14] = 3793.27 y2[14] = 469.746 - 0.0975534 * 405.907 = 430.148 y0[14]/y2[14=8.81853
 y0[15] = 3810.86 y2[15] = 533.764 - 0.0975534 * 271.718 = 507.257 y0[15]/y2[15=7.51269
 y0[16] = 3560.67 y2[16] = 567.349 - 0.0975534 * 250.187 = 542.942 y0[16]/y2[16=6.5581
 y0[17] = 3589.45 y2[17] = 546.582 - 0.0975534 * 261.99 = 521.024 y0[17]/y2[17=6.88922
 y0[18] = 3551.4 y2[18] = 618.542 - 0.0975534 * 236.024 = 595.517 y0[18]/y2[18=5.96356
 y0[19] = 3537.46 y2[19] = 525.98 - 0.0975534 * 168.842 = 509.509 y0[19]/y2[19=6.94288
 y0[20] = 3441.27 y2[20] = 551.862 - 0.0975534 * 139.093 = 538.293 y0[20]/y2[20=6.39292
 y0[21] = 3492.74 y2[21] = 723.998 - 0.0975534 * 195.926 = 704.885 y0[21]/y2[21=4.95504
 y0[22] = 3191.43 y2[22] = 595.758 - 0.0975534 * 136.411 = 582.451 y0[22]/y2[22=5.47931
 y0[23] = 3485.32 y2[23] = 721.343 - 0.0975534 * 144.046 = 707.29 y0[23]/y2[23=4.9277
 y0[24] = 3368.18 y2[24] = 708.588 - 0.0975534 * 145.806 = 694.365 y0[24]/y2[24=4.85073
 y0[25] = 3451.93 y2[25] = 851.912 - 0.0975534 * 129.337 = 839.295 y0[25]/y2[25=4.11289
 y0[26] = 3282.61 y2[26] = 743.358 - 0.0975534 * 101.715 = 733.435 y0[26]/y2[26=4.47567
 y0[27] = 3204.01 y2[27] = 722.588 - 0.0975534 * 100.422 = 712.791 y0[27]/y2[27=4.49503
 y0[28] = 3011.04 y2[28] = 780.937 - 0.0975534 * 95.2127 = 771.649 y0[28]/y2[28=3.90209
 y0[29] = 4636.23 y2[29] = 1645.65 - 0.0975534 * 242.173 = 1622.02 y0[29]/y2[29=2.8583
y2[1] = -91.3138
 nS / nP = 393976 / 319248 = 1.23407
Info in <TCanvas::MakeDefCanvas>:  created default TCanvas with name c1

Processing draw.cxx...
Info in <TCanvas::Print>: pdf file ../sample_matrix_result/IndependentModel.pdf has been created
Info in <TCanvas::Print>: png file ../sample_matrix_result/Y0.png has been created
 S Wave: 393976 Nbin=30
 P Wave: 319248
 nS/nP = 393976/319248 = 1.23407
Info in <TCanvas::Print>: png file ../sample_matrix_result/SP.png has been created
rm -f CalEff
rm -f Correc
g++ `root-config --cflags` `root-config --libs`  correctData.cxx -o Correc
g++ `root-config --cflags` `root-config --libs`  calEff.cxx -o CalEff
 read generator level truth 
 calEff.cxx 46
 calEff.cxx 55
 calEff.cxx 57
 calEff.cxx 60
 calEff.cxx 63
 calEff.cxx 65
 Total Entries used: 2126358
cut: isSig==1&&tagMatch==1&&m12 > 0.988000 && m12 <1.115000
 read info after selection 
 calculate inverse of eff matrix 
 read date after selection 
 calculate eff array 

 start to  calculate matrix
 No 'truth' 
cut: m12 > 0.988000 && m12 <1.115000
  cut:  m12 > 0.988000 && m12 <1.115000
 Nbkg = 67267
 effArray[0]=1.75695
 effArray[1]=1.57063
 effArray[2]=1.49115
 effArray[3]=1.43939
 effArray[4]=1.44045
 effArray[5]=1.46575
 effArray[6]=1.48571
 effArray[7]=1.90612
 effArray[8]=1.34956
 effArray[9]=1.39659
 effArray[10]=1.63409
 effArray[11]=1.81385
 effArray[12]=1.7752
 effArray[13]=2.04774
 effArray[14]=2.00487
 effArray[15]=2.46484
 effArray[16]=2.24005
 effArray[17]=2.68024
 effArray[18]=2.70908
 effArray[19]=3.07624
 effArray[20]=2.91352
 effArray[21]=3.86045
 effArray[22]=3.60043
 effArray[23]=4.14171
 effArray[24]=4.07469
 effArray[25]=5.72933
 effArray[26]=5.1549
 effArray[27]=5.37198
 effArray[28]=6.62469
 effArray[29]=10.3328
 effArray[30]=0.887383
 effArray[31]=0.790435
 effArray[32]=1.10664
 effArray[33]=0.941958
 effArray[34]=1.07276
 effArray[35]=1.04116
 effArray[36]=1.14684
 effArray[37]=1.61846
 effArray[38]=1.14074
 effArray[39]=1.25837
 effArray[40]=1.49381
 effArray[41]=1.6259
 effArray[42]=1.37521
 effArray[43]=1.6741
 effArray[44]=1.6215
 effArray[45]=1.86582
 effArray[46]=1.61621
 effArray[47]=1.99112
 effArray[48]=2.01654
 effArray[49]=1.84185
 effArray[50]=2.34254
 effArray[51]=1.89269
 effArray[52]=2.48888
 effArray[53]=2.1846
 effArray[54]=1.9433
 effArray[55]=2.62367
 effArray[56]=2.37622
 effArray[57]=2.3498
 effArray[58]=2.37309
 effArray[59]=3.93156
 effArray[60]=1.26756
 effArray[61]=1.08665
 effArray[62]=1.29781
 effArray[63]=1.18768
 effArray[64]=1.15882
 effArray[65]=0.981091
 effArray[66]=1.01183
 effArray[67]=1.51966
 effArray[68]=1.04442
 effArray[69]=1.09496
 effArray[70]=1.14428
 effArray[71]=1.42576
 effArray[72]=1.44649
 effArray[73]=1.37345
 effArray[74]=1.67077
 effArray[75]=1.40235
 effArray[76]=1.72997
 effArray[77]=1.49922
 effArray[78]=1.62825
 effArray[79]=1.72847
 effArray[80]=1.66547
 effArray[81]=1.63568
 effArray[82]=1.76656
 effArray[83]=1.78774
 effArray[84]=1.76001
 effArray[85]=1.78672
 effArray[86]=1.87416
 effArray[87]=1.92853
 effArray[88]=1.68006
 effArray[89]=2.65006
 effArray[90]=0.792288
 effArray[91]=1.10437
 effArray[92]=1.12024
 effArray[93]=1.09367
 effArray[94]=1.04302
 effArray[95]=0.829786
 effArray[96]=1.11678
 effArray[97]=1.38726
 effArray[98]=1.0139
 effArray[99]=1.17427
 effArray[100]=1.13945
 effArray[101]=1.26984
 effArray[102]=1.23963
 effArray[103]=1.39133
 effArray[104]=1.44922
 effArray[105]=1.47224
 effArray[106]=1.43962
 effArray[107]=1.50226
 effArray[108]=1.46702
 effArray[109]=1.46161
 effArray[110]=1.39092
 effArray[111]=1.69122
 effArray[112]=1.3624
 effArray[113]=1.75672
 effArray[114]=1.44927
 effArray[115]=1.61399
 effArray[116]=1.69821
 effArray[117]=1.52649
 effArray[118]=1.55401
 effArray[119]=2.27734
 effArray[120]=1.04809
 effArray[121]=0.914142
 effArray[122]=1.09872
 effArray[123]=1.07187
 effArray[124]=1.09735
 effArray[125]=0.867775
 effArray[126]=1.04165
 effArray[127]=1.38101
 effArray[128]=0.984842
 effArray[129]=0.96546
 effArray[130]=1.17991
 effArray[131]=1.21101
 effArray[132]=1.1631
 effArray[133]=1.25304
 effArray[134]=1.34067
 effArray[135]=1.26602
 effArray[136]=1.23203
 effArray[137]=1.37853
 effArray[138]=1.28597
 effArray[139]=1.53231
 effArray[140]=1.2606
 effArray[141]=1.42282
 effArray[142]=1.36085
 effArray[143]=1.40472
 effArray[144]=1.45728
 effArray[145]=1.19239
 effArray[146]=1.54424
 effArray[147]=1.43869
 effArray[148]=1.23135
 effArray[149]=1.98429
 effArray[150]=1.43404
 effArray[151]=1.09393
 effArray[152]=1.05309
 effArray[153]=1.08001
 effArray[154]=0.98245
 effArray[155]=0.782251
 effArray[156]=1.00519
 effArray[157]=1.36302
 effArray[158]=1.01425
 effArray[159]=1.03036
 effArray[160]=1.16537
 effArray[161]=1.0435
 effArray[162]=1.25856
 effArray[163]=1.21353
 effArray[164]=1.17236
 effArray[165]=1.32598
 effArray[166]=1.24231
 effArray[167]=1.20491
 effArray[168]=1.2673
 effArray[169]=1.26517
 effArray[170]=1.27266
 effArray[171]=1.31479
 effArray[172]=1.22486
 effArray[173]=1.27922
 effArray[174]=1.33708
 effArray[175]=1.31203
 effArray[176]=1.20914
 effArray[177]=1.26205
 effArray[178]=1.28035
 effArray[179]=1.72234
 effArray[180]=0.551941
 effArray[181]=0.956586
 effArray[182]=1.16199
 effArray[183]=1.11235
 effArray[184]=1.0342
 effArray[185]=0.865049
 effArray[186]=1.0416
 effArray[187]=1.28239
 effArray[188]=1.02185
 effArray[189]=0.962165
 effArray[190]=1.02953
 effArray[191]=1.16762
 effArray[192]=1.10501
 effArray[193]=1.149
 effArray[194]=1.23629
 effArray[195]=1.08824
 effArray[196]=1.23225
 effArray[197]=1.2315
 effArray[198]=1.11342
 effArray[199]=1.21686
 effArray[200]=1.2384
 effArray[201]=1.22337
 effArray[202]=1.1885
 effArray[203]=1.22325
 effArray[204]=1.22208
 effArray[205]=1.24493
 effArray[206]=1.19294
 effArray[207]=1.21291
 effArray[208]=1.13294
 effArray[209]=1.57147
 effArray[210]=1.40345
 effArray[211]=1.09242
 effArray[212]=1.08288
 effArray[213]=1.03317
 effArray[214]=0.981606
 effArray[215]=0.891753
 effArray[216]=0.912645
 effArray[217]=1.24162
 effArray[218]=0.99775
 effArray[219]=1.07055
 effArray[220]=1.10021
 effArray[221]=1.04163
 effArray[222]=1.08859
 effArray[223]=1.16294
 effArray[224]=1.04983
 effArray[225]=1.19179
 effArray[226]=1.05445
 effArray[227]=1.2087
 effArray[228]=1.2069
 effArray[229]=1.15118
 effArray[230]=1.11895
 effArray[231]=1.19884
 effArray[232]=1.13474
 effArray[233]=1.09184
 effArray[234]=1.26506
 effArray[235]=1.12116
 effArray[236]=1.09574
 effArray[237]=1.26839
 effArray[238]=1.0251
 effArray[239]=1.62626
 effArray[240]=0.743147
 effArray[241]=0.936997
 effArray[242]=1.10693
 effArray[243]=1.12115
 effArray[244]=1.00055
 effArray[245]=0.78187
 effArray[246]=1.0224
 effArray[247]=1.3225
 effArray[248]=0.999024
 effArray[249]=0.909705
 effArray[250]=1.10377
 effArray[251]=1.01972
 effArray[252]=1.10917
 effArray[253]=1.05818
 effArray[254]=1.05888
 effArray[255]=1.10116
 effArray[256]=1.1601
 effArray[257]=1.08373
 effArray[258]=1.08236
 effArray[259]=1.10382
 effArray[260]=1.16769
 effArray[261]=1.04837
 effArray[262]=1.09973
 effArray[263]=1.06354
 effArray[264]=1.08727
 effArray[265]=1.20492
 effArray[266]=1.13466
 effArray[267]=1.14327
 effArray[268]=1.03362
 effArray[269]=1.55521
 effArray[270]=1.37707
 effArray[271]=1.08813
 effArray[272]=1.0466
 effArray[273]=1.09097
 effArray[274]=0.967305
 effArray[275]=0.849671
 effArray[276]=0.971364
 effArray[277]=1.21103
 effArray[278]=0.963045
 effArray[279]=0.993411
 effArray[280]=0.99883
 effArray[281]=1.08005
 effArray[282]=0.997745
 effArray[283]=1.18059
 effArray[284]=1.13235
 effArray[285]=1.00798
 effArray[286]=1.07953
 effArray[287]=1.08795
 effArray[288]=1.10872
 effArray[289]=1.09007
 effArray[290]=1.06063
 effArray[291]=1.03713
 effArray[292]=1.13437
 effArray[293]=1.06731
 effArray[294]=1.11571
 effArray[295]=1.10108
 effArray[296]=0.98936
 effArray[297]=1.19292
 effArray[298]=1.08837
 effArray[299]=1.39063
 effArray[300]=1.03759
 effArray[301]=1.01722
 effArray[302]=1.10643
 effArray[303]=0.977476
 effArray[304]=1.00644
 effArray[305]=0.896778
 effArray[306]=1.05141
 effArray[307]=1.15478
 effArray[308]=0.969498
 effArray[309]=0.97131
 effArray[310]=0.981853
 effArray[311]=1.12634
 effArray[312]=1.06435
 effArray[313]=1.03941
 effArray[314]=1.05024
 effArray[315]=1.09653
 effArray[316]=1.0951
 effArray[317]=1.16059
 effArray[318]=1.09849
 effArray[319]=1.10641
 effArray[320]=1.05337
 effArray[321]=1.05254
 effArray[322]=1.07905
 effArray[323]=1.14746
 effArray[324]=1.04073
 effArray[325]=1.14634
 effArray[326]=1.07083
 effArray[327]=1.06677
 effArray[328]=1.06952
 effArray[329]=1.3438
 effArray[330]=0.946537
 effArray[331]=0.987537
 effArray[332]=1.1062
 effArray[333]=1.1923
 effArray[334]=0.903184
 effArray[335]=0.961542
 effArray[336]=1.06771
 effArray[337]=1.23826
 effArray[338]=1.05643
 effArray[339]=0.950605
 effArray[340]=1.08915
 effArray[341]=0.999004
 effArray[342]=1.11082
 effArray[343]=1.0727
 effArray[344]=1.11175
 effArray[345]=1.08958
 effArray[346]=1.099
 effArray[347]=1.02439
 effArray[348]=1.09012
 effArray[349]=1.03471
 effArray[350]=1.04124
 effArray[351]=1.1098
 effArray[352]=1.08296
 effArray[353]=1.01879
 effArray[354]=1.12311
 effArray[355]=1.07269
 effArray[356]=1.13431
 effArray[357]=0.950416
 effArray[358]=1.13529
 effArray[359]=1.39741
 effArray[360]=1.17645
 effArray[361]=0.976389
 effArray[362]=1.0777
 effArray[363]=0.928801
 effArray[364]=0.996321
 effArray[365]=0.877192
 effArray[366]=1.02952
 effArray[367]=1.20314
 effArray[368]=0.984974
 effArray[369]=0.998663
 effArray[370]=1.05151
 effArray[371]=0.997016
 effArray[372]=1.10582
 effArray[373]=1.04004
 effArray[374]=1.03088
 effArray[375]=1.08839
 effArray[376]=1.05487
 effArray[377]=1.08072
 effArray[378]=0.947812
 effArray[379]=1.121
 effArray[380]=1.14212
 effArray[381]=0.985295
 effArray[382]=1.10887
 effArray[383]=1.01658
 effArray[384]=1.03252
 effArray[385]=1.10351
 effArray[386]=1.0424
 effArray[387]=1.16796
 effArray[388]=0.982829
 effArray[389]=1.3597
 effArray[390]=0.838669
 effArray[391]=1.13758
 effArray[392]=1.06744
 effArray[393]=1.04504
 effArray[394]=1.05187
 effArray[395]=1.02801
 effArray[396]=0.974977
 effArray[397]=1.20027
 effArray[398]=1.05586
 effArray[399]=0.980524
 effArray[400]=0.983659
 effArray[401]=1.04938
 effArray[402]=1.05295
 effArray[403]=1.08938
 effArray[404]=1.04898
 effArray[405]=0.981173
 effArray[406]=1.09222
 effArray[407]=1.00357
 effArray[408]=1.10111
 effArray[409]=1.02418
 effArray[410]=1.0931
 effArray[411]=0.99616
 effArray[412]=1.06855
 effArray[413]=0.995407
 effArray[414]=1.12044
 effArray[415]=0.991516
 effArray[416]=1.13204
 effArray[417]=0.999722
 effArray[418]=0.983962
 effArray[419]=1.43302
 effArray[420]=1.32321
 effArray[421]=0.932877
 effArray[422]=1.08374
 effArray[423]=1.13549
 effArray[424]=0.950386
 effArray[425]=0.870787
 effArray[426]=0.979021
 effArray[427]=1.16681
 effArray[428]=0.975347
 effArray[429]=1.05639
 effArray[430]=1.07058
 effArray[431]=1.02777
 effArray[432]=1.04922
 effArray[433]=0.976935
 effArray[434]=1.07393
 effArray[435]=1.04351
 effArray[436]=1.14792
 effArray[437]=0.988844
 effArray[438]=1.07216
 effArray[439]=1.09728
 effArray[440]=1.02496
 effArray[441]=1.08095
 effArray[442]=1.03793
 effArray[443]=1.07661
 effArray[444]=1.073
 effArray[445]=1.05639
 effArray[446]=1.02712
 effArray[447]=1.06163
 effArray[448]=0.977127
 effArray[449]=1.35554
 effArray[450]=0.75548
 effArray[451]=0.994395
 effArray[452]=1.16912
 effArray[453]=0.943376
 effArray[454]=1.00477
 effArray[455]=0.971101
 effArray[456]=1.08842
 effArray[457]=1.1592
 effArray[458]=1.06428
 effArray[459]=1.04541
 effArray[460]=1.01633
 effArray[461]=1.01109
 effArray[462]=1.08148
 effArray[463]=1.11135
 effArray[464]=1.08391
 effArray[465]=1.00523
 effArray[466]=1.05866
 effArray[467]=1.03082
 effArray[468]=1.11419
 effArray[469]=1.03285
 effArray[470]=1.06272
 effArray[471]=1.03783
 effArray[472]=1.12851
 effArray[473]=0.977761
 effArray[474]=1.15517
 effArray[475]=1.05057
 effArray[476]=1.08015
 effArray[477]=1.06714
 effArray[478]=1.00704
 effArray[479]=1.32914
 effArray[480]=1.28585
 effArray[481]=1.039
 effArray[482]=1.09791
 effArray[483]=1.01174
 effArray[484]=1.00772
 effArray[485]=1.01387
 effArray[486]=1.01653
 effArray[487]=1.12712
 effArray[488]=1.06537
 effArray[489]=1.07355
 effArray[490]=1.01177
 effArray[491]=1.10755
 effArray[492]=1.02458
 effArray[493]=1.06129
 effArray[494]=1.06176
 effArray[495]=1.09287
 effArray[496]=1.00741
 effArray[497]=1.1285
 effArray[498]=0.955491
 effArray[499]=1.08542
 effArray[500]=1.10964
 effArray[501]=1.03201
 effArray[502]=1.04125
 effArray[503]=1.08376
 effArray[504]=0.94703
 effArray[505]=1.13855
 effArray[506]=1.03845
 effArray[507]=1.11481
 effArray[508]=0.960235
 effArray[509]=1.40556
 effArray[510]=1.21483
 effArray[511]=0.907835
 effArray[512]=1.12346
 effArray[513]=1.06377
 effArray[514]=1.02619
 effArray[515]=0.940402
 effArray[516]=1.07029
 effArray[517]=1.16739
 effArray[518]=1.05184
 effArray[519]=1.02572
 effArray[520]=1.06582
 effArray[521]=0.945338
 effArray[522]=1.15336
 effArray[523]=1.01016
 effArray[524]=1.12099
 effArray[525]=0.95753
 effArray[526]=1.06259
 effArray[527]=1.1057
 effArray[528]=1.06507
 effArray[529]=1.0971
 effArray[530]=1.00147
 effArray[531]=1.08338
 effArray[532]=1.08471
 effArray[533]=1.06611
 effArray[534]=1.01597
 effArray[535]=1.08455
 effArray[536]=1.02598
 effArray[537]=1.08518
 effArray[538]=0.910674
 effArray[539]=1.40725
 effArray[540]=0.729522
 effArray[541]=1.05252
 effArray[542]=0.945265
 effArray[543]=1.05606
 effArray[544]=0.905607
 effArray[545]=1.01296
 effArray[546]=0.946497
 effArray[547]=1.19618
 effArray[548]=0.960831
 effArray[549]=1.0681
 effArray[550]=1.01612
 effArray[551]=1.01347
 effArray[552]=1.11673
 effArray[553]=1.00374
 effArray[554]=1.12748
 effArray[555]=1.07171
 effArray[556]=1.16049
 effArray[557]=1.07113
 effArray[558]=1.11221
 effArray[559]=1.0175
 effArray[560]=1.08858
 effArray[561]=1.08952
 effArray[562]=0.961059
 effArray[563]=1.1443
 effArray[564]=1.08702
 effArray[565]=1.05228
 effArray[566]=1.10994
 effArray[567]=1.05606
 effArray[568]=1.05273
 effArray[569]=1.43226
 effArray[570]=1.26952
 effArray[571]=0.907085
 effArray[572]=1.16359
 effArray[573]=1.07279
 effArray[574]=1.01226
 effArray[575]=0.892419
 effArray[576]=1.05492
 effArray[577]=1.08359
 effArray[578]=1.1738
 effArray[579]=0.964355
 effArray[580]=1.00571
 effArray[581]=1.09064
 effArray[582]=1.04885
 effArray[583]=1.07252
 effArray[584]=1.08614
 effArray[585]=1.09217
 effArray[586]=1.03271
 effArray[587]=1.126
 effArray[588]=1.04907
 effArray[589]=1.02075
 effArray[590]=1.08291
 effArray[591]=1.01664
 effArray[592]=1.09557
 effArray[593]=1.0803
 effArray[594]=1.11846
 effArray[595]=1.00826
 effArray[596]=1.17793
 effArray[597]=1.0102
 effArray[598]=1.08081
 effArray[599]=1.412
 effArray[600]=1.06547
 effArray[601]=1.03848
 effArray[602]=1.24365
 effArray[603]=1.10247
 effArray[604]=1.13824
 effArray[605]=0.874276
 effArray[606]=0.925656
 effArray[607]=1.25208
 effArray[608]=1.02445
 effArray[609]=1.00105
 effArray[610]=1.05854
 effArray[611]=1.06568
 effArray[612]=1.08466
 effArray[613]=1.10379
 effArray[614]=1.09268
 effArray[615]=1.04907
 effArray[616]=1.12187
 effArray[617]=1.09762
 effArray[618]=1.0626
 effArray[619]=1.10996
 effArray[620]=1.11671
 effArray[621]=1.06015
 effArray[622]=1.20884
 effArray[623]=0.998145
 effArray[624]=1.08181
 effArray[625]=1.06667
 effArray[626]=1.18546
 effArray[627]=1.06254
 effArray[628]=1.04689
 effArray[629]=1.39295
 effArray[630]=1.18928
 effArray[631]=0.890647
 effArray[632]=0.955861
 effArray[633]=1.02588
 effArray[634]=0.935336
 effArray[635]=0.978029
 effArray[636]=0.875563
 effArray[637]=1.31671
 effArray[638]=1.05518
 effArray[639]=1.04906
 effArray[640]=1.03226
 effArray[641]=1.1453
 effArray[642]=1.04575
 effArray[643]=1.09309
 effArray[644]=1.15695
 effArray[645]=1.02427
 effArray[646]=1.11217
 effArray[647]=1.16644
 effArray[648]=1.06887
 effArray[649]=1.10622
 effArray[650]=1.05905
 effArray[651]=1.15147
 effArray[652]=1.08266
 effArray[653]=1.06353
 effArray[654]=1.10739
 effArray[655]=1.11309
 effArray[656]=0.996099
 effArray[657]=1.2557
 effArray[658]=0.927996
 effArray[659]=1.49776
 effArray[660]=0.726941
 effArray[661]=1.13196
 effArray[662]=1.14979
 effArray[663]=1.10893
 effArray[664]=1.08597
 effArray[665]=0.802738
 effArray[666]=0.967687
 effArray[667]=1.25548
 effArray[668]=1.06048
 effArray[669]=1.04543
 effArray[670]=1.15153
 effArray[671]=0.960998
 effArray[672]=1.11382
 effArray[673]=1.14656
 effArray[674]=1.09082
 effArray[675]=1.19533
 effArray[676]=1.23839
 effArray[677]=1.04531
 effArray[678]=1.1674
 effArray[679]=1.18518
 effArray[680]=1.2172
 effArray[681]=1.05623
 effArray[682]=1.20822
 effArray[683]=1.08906
 effArray[684]=1.23131
 effArray[685]=1.17391
 effArray[686]=1.14995
 effArray[687]=1.20574
 effArray[688]=1.0054
 effArray[689]=1.60986
 effArray[690]=1.45802
 effArray[691]=0.808398
 effArray[692]=0.944392
 effArray[693]=0.999837
 effArray[694]=0.931163
 effArray[695]=0.888841
 effArray[696]=1.08362
 effArray[697]=1.24648
 effArray[698]=1.06085
 effArray[699]=1.01391
 effArray[700]=1.13784
 effArray[701]=1.19128
 effArray[702]=1.16603
 effArray[703]=1.17788
 effArray[704]=1.1432
 effArray[705]=1.18482
 effArray[706]=1.1242
 effArray[707]=1.16055
 effArray[708]=1.17523
 effArray[709]=1.17843
 effArray[710]=1.19885
 effArray[711]=1.16465
 effArray[712]=1.22879
 effArray[713]=1.11401
 effArray[714]=1.2572
 effArray[715]=1.12251
 effArray[716]=1.17062
 effArray[717]=1.26758
 effArray[718]=1.1009
 effArray[719]=1.65165
 effArray[720]=0.510722
 effArray[721]=1.11362
 effArray[722]=1.26448
 effArray[723]=1.0994
 effArray[724]=1.17281
 effArray[725]=0.834171
 effArray[726]=0.996288
 effArray[727]=1.30474
 effArray[728]=1.02929
 effArray[729]=1.06358
 effArray[730]=1.19958
 effArray[731]=1.12925
 effArray[732]=1.24663
 effArray[733]=1.17353
 effArray[734]=1.28696
 effArray[735]=1.27806
 effArray[736]=1.18612
 effArray[737]=1.40886
 effArray[738]=1.13657
 effArray[739]=1.33773
 effArray[740]=1.26216
 effArray[741]=1.30679
 effArray[742]=1.13445
 effArray[743]=1.39971
 effArray[744]=1.37932
 effArray[745]=1.25334
 effArray[746]=1.37743
 effArray[747]=1.26497
 effArray[748]=1.1593
 effArray[749]=1.79655
 effArray[750]=1.45653
 effArray[751]=0.997234
 effArray[752]=1.08203
 effArray[753]=0.979072
 effArray[754]=0.983453
 effArray[755]=0.900071
 effArray[756]=0.939298
 effArray[757]=1.46321
 effArray[758]=0.972226
 effArray[759]=1.0379
 effArray[760]=1.23913
 effArray[761]=1.21846
 effArray[762]=1.22594
 effArray[763]=1.24942
 effArray[764]=1.31985
 effArray[765]=1.16271
 effArray[766]=1.34471
 effArray[767]=1.24624
 effArray[768]=1.45542
 effArray[769]=1.33027
 effArray[770]=1.37137
 effArray[771]=1.38337
 effArray[772]=1.37522
 effArray[773]=1.42365
 effArray[774]=1.41535
 effArray[775]=1.43066
 effArray[776]=1.39174
 effArray[777]=1.35941
 effArray[778]=1.47419
 effArray[779]=1.96271
 effArray[780]=0.885135
 effArray[781]=1.10511
 effArray[782]=1.07263
 effArray[783]=1.19355
 effArray[784]=1.0048
 effArray[785]=1.05039
 effArray[786]=1.04534
 effArray[787]=1.44742
 effArray[788]=0.988126
 effArray[789]=1.3641
 effArray[790]=1.21984
 effArray[791]=1.19865
 effArray[792]=1.47194
 effArray[793]=1.37393
 effArray[794]=1.39879
 effArray[795]=1.47708
 effArray[796]=1.40238
 effArray[797]=1.47397
 effArray[798]=1.51459
 effArray[799]=1.36449
 effArray[800]=1.59791
 effArray[801]=1.61563
 effArray[802]=1.51544
 effArray[803]=1.66337
 effArray[804]=1.50103
 effArray[805]=1.49404
 effArray[806]=1.67688
 effArray[807]=1.6035
 effArray[808]=1.58887
 effArray[809]=2.12778
 effArray[810]=1.35375
 effArray[811]=0.802107
 effArray[812]=1.2139
 effArray[813]=1.21605
 effArray[814]=1.04485
 effArray[815]=1.14765
 effArray[816]=1.0048
 effArray[817]=1.61303
 effArray[818]=1.12535
 effArray[819]=1.18711
 effArray[820]=1.18724
 effArray[821]=1.45621
 effArray[822]=1.35216
 effArray[823]=1.48056
 effArray[824]=1.35844
 effArray[825]=1.71981
 effArray[826]=1.66502
 effArray[827]=1.72604
 effArray[828]=1.58446
 effArray[829]=1.76868
 effArray[830]=1.70296
 effArray[831]=1.83643
 effArray[832]=1.57071
 effArray[833]=1.8175
 effArray[834]=1.81304
 effArray[835]=1.85441
 effArray[836]=1.92078
 effArray[837]=1.87709
 effArray[838]=1.67795
 effArray[839]=2.82106
 effArray[840]=0.572889
 effArray[841]=1.14599
 effArray[842]=1.1321
 effArray[843]=0.985327
 effArray[844]=1.16588
 effArray[845]=0.841679
 effArray[846]=1.10415
 effArray[847]=1.55253
 effArray[848]=1.18678
 effArray[849]=1.32488
 effArray[850]=1.48622
 effArray[851]=1.44405
 effArray[852]=1.47828
 effArray[853]=1.56678
 effArray[854]=1.73117
 effArray[855]=1.90126
 effArray[856]=1.67653
 effArray[857]=1.7808
 effArray[858]=1.98187
 effArray[859]=2.17267
 effArray[860]=2.01549
 effArray[861]=2.01669
 effArray[862]=2.17692
 effArray[863]=2.50507
 effArray[864]=2.18014
 effArray[865]=2.09158
 effArray[866]=2.59585
 effArray[867]=2.23299
 effArray[868]=2.25907
 effArray[869]=3.84723
 effArray[870]=2.04047
 effArray[871]=1.49488
 effArray[872]=1.65949
 effArray[873]=1.65963
 effArray[874]=1.4825
 effArray[875]=1.52925
 effArray[876]=1.64263
 effArray[877]=2.08186
 effArray[878]=1.52034
 effArray[879]=1.63259
 effArray[880]=1.84535
 effArray[881]=1.98728
 effArray[882]=2.07184
 effArray[883]=2.20587
 effArray[884]=2.32755
 effArray[885]=2.49895
 effArray[886]=2.47185
 effArray[887]=3.05619
 effArray[888]=3.1065
 effArray[889]=3.22539
 effArray[890]=3.58054
 effArray[891]=3.8465
 effArray[892]=4.16844
 effArray[893]=4.38175
 effArray[894]=4.6116
 effArray[895]=5.7572
 effArray[896]=5.6389
 effArray[897]=6.3467
 effArray[898]=6.13987
 effArray[899]=10.7156
x12[0] = 0.980331
x12[1] = 0.988732
x12[2] = 0.997169
x12[3] = 1.00564
x12[4] = 1.01415
x12[5] = 1.02269
x12[6] = 1.03127
x12[7] = 1.03989
x12[8] = 1.04854
x12[9] = 1.05723
x12[10] = 1.06595
x12[11] = 1.07471
x12[12] = 1.08351
x12[13] = 1.09234
x12[14] = 1.10121
x12[15] = 1.11011
x12[16] = 1.11905
x12[17] = 1.12802
x12[18] = 1.13703
x12[19] = 1.14608
x12[20] = 1.15516
x12[21] = 1.16428
x12[22] = 1.17343
x12[23] = 1.18262
x12[24] = 1.19185
x12[25] = 1.20111
x12[26] = 1.2104
x12[27] = 1.21974
x12[28] = 1.2291
x12[29] = 1.23851
Warning in <TFile::Append>: Replacing existing TGraph2D: Graph2D (Potential memory leak).
Warning in <TFile::Append>: Replacing existing TGraph2D: Graph2D (Potential memory leak).
NGen[0]=6.92655e-310
 norm = 67267 / 86445 = 0.778148
 y0[0] = 43246.2 y2[0] = 4964.12 - 0.778148 * 127.917 = 4864.59 y0[0]/y2[0=8.89001
 y0[1] = 35941.3 y2[1] = 3382.04 - 0.778148 * 258.525 = 3180.87 y0[1]/y2[1=11.2992
 y0[2] = 62511.5 y2[2] = 7667.74 - 0.778148 * 617.76 = 7187.03 y0[2]/y2[2=8.69783
 y0[3] = 51651.2 y2[3] = 7225.42 - 0.778148 * 559.663 = 6789.92 y0[3]/y2[3=7.60705
 y0[4] = 45061.7 y2[4] = 13426.9 - 0.778148 * 1440.79 = 12305.8 y0[4]/y2[4=3.66183
 y0[5] = 59401.2 y2[5] = 29666.7 - 0.778148 * 3097.04 = 27256.7 y0[5]/y2[5=2.17932
 y0[6] = 161482 y2[6] = 113568 - 0.778148 * 15436.2 = 101556 y0[6]/y2[6=1.59008
 y0[7] = 409403 y2[7] = 353556 - 0.778148 * 51927.4 = 313148 y0[7]/y2[7=1.30738
 y0[8] = 139224 y2[8] = 82785.7 - 0.778148 * 11077.7 = 74165.6 y0[8]/y2[8=1.8772
 y0[9] = 69923.8 y2[9] = 30473 - 0.778148 * 3697.94 = 27595.5 y0[9]/y2[9=2.53388
 y0[10] = 48183.9 y2[10] = 16165.6 - 0.778148 * 1885.17 = 14698.7 y0[10]/y2[10=3.27811
 y0[11] = 38288.5 y2[11] = 11641 - 0.778148 * 1171.28 = 10729.6 y0[11]/y2[11=3.56849
 y0[12] = 33110.4 y2[12] = 6643.54 - 0.778148 * 658.895 = 6130.83 y0[12]/y2[12=5.40064
 y0[13] = 30716.5 y2[13] = 6136.83 - 0.778148 * 513.313 = 5737.4 y0[13]/y2[13=5.35373
 y0[14] = 28933.2 y2[14] = 4864.06 - 0.778148 * 451.636 = 4512.62 y0[14]/y2[14=6.41163
 y0[15] = 28163.6 y2[15] = 5690.45 - 0.778148 * 308.621 = 5450.29 y0[15]/y2[15=5.16736
 y0[16] = 26866.5 y2[16] = 3521.39 - 0.778148 * 249.052 = 3327.59 y0[16]/y2[16=8.07385
 y0[17] = 26793.9 y2[17] = 4906.7 - 0.778148 * 304.014 = 4670.13 y0[17]/y2[17=5.73728
 y0[18] = 25597.9 y2[18] = 4458.94 - 0.778148 * 249.665 = 4264.66 y0[18]/y2[18=6.00232
 y0[19] = 25935.4 y2[19] = 4884.26 - 0.778148 * 200.488 = 4728.25 y0[19]/y2[19=5.4852
 y0[20] = 25349.4 y2[20] = 4491.77 - 0.778148 * 150.274 = 4374.84 y0[20]/y2[20=5.79437
 y0[21] = 25483.1 y2[21] = 5573.2 - 0.778148 * 205.351 = 5413.41 y0[21]/y2[21=4.70741
 y0[22] = 25146.9 y2[22] = 4467.67 - 0.778148 * 165.612 = 4338.8 y0[22]/y2[22=5.79582
 y0[23] = 25395.6 y2[23] = 5883.4 - 0.778148 * 166.676 = 5753.7 y0[23]/y2[23=4.41379
 y0[24] = 24855.1 y2[24] = 4341.82 - 0.778148 * 146.423 = 4227.88 y0[24]/y2[24=5.87886
 y0[25] = 25178.8 y2[25] = 5987.66 - 0.778148 * 151.308 = 5869.92 y0[25]/y2[25=4.28946
 y0[26] = 24796.6 y2[26] = 5221.98 - 0.778148 * 115.336 = 5132.23 y0[26]/y2[26=4.83156
 y0[27] = 24200.6 y2[27] = 4522.46 - 0.778148 * 111.03 = 4436.06 y0[27]/y2[27=5.45543
 y0[28] = 22914.2 y2[28] = 4965.73 - 0.778148 * 101.84 = 4886.48 y0[28]/y2[28=4.6893
 y0[29] = 32852.5 y2[29] = 8754.76 - 0.778148 * 245.167 = 8563.98 y0[29]/y2[29=3.83613
 nS / nP = 3.08138e+06 / 2.75569e+06 = 1.11819
Info in <TCanvas::MakeDefCanvas>:  created default TCanvas with name c1

Processing draw.cxx...
Error in <TGClient::TGClient>: can't open display "localhost:11.0", switching to batch mode...
 In case you run from a remote ssh session, reconnect with ssh -Y
Info in <TCanvas::Print>: pdf file ../sample_matrix_result/IndependentModel.pdf has been created
Info in <TCanvas::Print>: png file ../sample_matrix_result/Y0.png has been created
 S Wave: 3.08138e+06 Nbin=30
 P Wave: 2.75569e+06
 nS/nP = 3.08138e+06/2.75569e+06 = 1.11819
Info in <TCanvas::Print>: png file ../sample_matrix_result/SP.png has been created
